<?xml version="1.0" encoding="UTF-8"?>
<testng-results ignored="0" total="3" passed="3" failed="0" skipped="0">
  <reporter-output>
  </reporter-output>
  <suite started-at="2025-02-13T18:27:47 MST" name="Suite" finished-at="2025-02-13T18:28:40 MST" duration-ms="53695">
    <groups>
      <group name="regressionTest">
        <method signature="Create_Organization4Test.Create_Organization4Test()[pri:0, instance:Organization_1.Create_Organization4Test@7c7a06ec]" name="Create_Organization4Test" class="Organization_1.Create_Organization4Test"/>
      </group> <!-- regressionTest -->
      <group name="smokeTest">
        <method signature="CreateCampaign_withProduct3Test.createCampaign_withProduct3Test()[pri:0, instance:Campaign_1.CreateCampaign_withProduct3Test@36fc695d]" name="createCampaign_withProduct3Test" class="Campaign_1.CreateCampaign_withProduct3Test"/>
        <method signature="Create_Organization4Test.Create_Organization4Test()[pri:0, instance:Organization_1.Create_Organization4Test@7c7a06ec]" name="Create_Organization4Test" class="Organization_1.Create_Organization4Test"/>
      </group> <!-- smokeTest -->
    </groups>
    <test started-at="2025-02-13T18:27:47 MST" name="Test" finished-at="2025-02-13T18:28:40 MST" duration-ms="53695">
      <class name="Organization_1.Create_Organization4Test">
        <test-method is-config="true" signature="BC()[pri:0, instance:Organization_1.Create_Organization4Test@7c7a06ec]" started-at="2025-02-13T18:28:24 MST" name="BC" finished-at="2025-02-13T18:28:26 MST" duration-ms="1592" status="PASS">
          <reporter-output>
          </reporter-output>
        </test-method> <!-- BC -->
        <test-method is-config="true" signature="BM()[pri:0, instance:Organization_1.Create_Organization4Test@7c7a06ec]" started-at="2025-02-13T18:28:26 MST" name="BM" finished-at="2025-02-13T18:28:29 MST" duration-ms="3484" status="PASS">
          <reporter-output>
          </reporter-output>
        </test-method> <!-- BM -->
        <test-method signature="Create_Organization4Test()[pri:0, instance:Organization_1.Create_Organization4Test@7c7a06ec]" started-at="2025-02-13T18:28:29 MST" name="Create_Organization4Test" finished-at="2025-02-13T18:28:39 MST" duration-ms="9513" status="PASS">
          <reporter-output>
          </reporter-output>
        </test-method> <!-- Create_Organization4Test -->
        <test-method is-config="true" signature="AM()[pri:0, instance:Organization_1.Create_Organization4Test@7c7a06ec]" started-at="2025-02-13T18:28:39 MST" name="AM" finished-at="2025-02-13T18:28:40 MST" duration-ms="1172" status="PASS">
          <reporter-output>
          </reporter-output>
        </test-method> <!-- AM -->
        <test-method is-config="true" signature="AC()[pri:0, instance:Organization_1.Create_Organization4Test@7c7a06ec]" started-at="2025-02-13T18:28:40 MST" name="AC" finished-at="2025-02-13T18:28:40 MST" duration-ms="263" status="PASS">
          <reporter-output>
          </reporter-output>
        </test-method> <!-- AC -->
      </class> <!-- Organization_1.Create_Organization4Test -->
      <class name="Campaign_1.CreateCampaign_withProduct3Test">
        <test-method is-config="true" signature="BS()[pri:0, instance:Campaign_1.CreateCampaign_withProduct3Test@36fc695d]" started-at="2025-02-13T18:27:47 MST" name="BS" finished-at="2025-02-13T18:27:47 MST" duration-ms="12" status="PASS">
          <reporter-output>
          </reporter-output>
        </test-method> <!-- BS -->
        <test-method is-config="true" signature="BT()[pri:0, instance:Campaign_1.CreateCampaign_withProduct3Test@36fc695d]" started-at="2025-02-13T18:27:47 MST" name="BT" finished-at="2025-02-13T18:27:47 MST" duration-ms="1" status="PASS">
          <reporter-output>
          </reporter-output>
        </test-method> <!-- BT -->
        <test-method is-config="true" signature="BC()[pri:0, instance:Campaign_1.CreateCampaign_withProduct3Test@36fc695d]" started-at="2025-02-13T18:27:47 MST" name="BC" finished-at="2025-02-13T18:27:49 MST" duration-ms="1970" status="PASS">
          <reporter-output>
          </reporter-output>
        </test-method> <!-- BC -->
        <test-method is-config="true" signature="BM()[pri:0, instance:Campaign_1.CreateCampaign_withProduct3Test@36fc695d]" started-at="2025-02-13T18:27:49 MST" name="BM" finished-at="2025-02-13T18:27:52 MST" duration-ms="3224" status="PASS">
          <reporter-output>
          </reporter-output>
        </test-method> <!-- BM -->
        <test-method signature="createCampaign_withProduct3Test()[pri:0, instance:Campaign_1.CreateCampaign_withProduct3Test@36fc695d]" started-at="2025-02-13T18:27:52 MST" name="createCampaign_withProduct3Test" finished-at="2025-02-13T18:28:08 MST" duration-ms="16326" status="PASS">
          <reporter-output>
          </reporter-output>
        </test-method> <!-- createCampaign_withProduct3Test -->
        <test-method is-config="true" signature="AM()[pri:0, instance:Campaign_1.CreateCampaign_withProduct3Test@36fc695d]" started-at="2025-02-13T18:28:08 MST" name="AM" finished-at="2025-02-13T18:28:10 MST" duration-ms="1089" status="PASS">
          <reporter-output>
          </reporter-output>
        </test-method> <!-- AM -->
        <test-method is-config="true" signature="AC()[pri:0, instance:Campaign_1.CreateCampaign_withProduct3Test@36fc695d]" started-at="2025-02-13T18:28:10 MST" name="AC" finished-at="2025-02-13T18:28:10 MST" duration-ms="249" status="PASS">
          <reporter-output>
          </reporter-output>
        </test-method> <!-- AC -->
        <test-method is-config="true" signature="AT()[pri:0, instance:Campaign_1.CreateCampaign_withProduct3Test@36fc695d]" started-at="2025-02-13T18:28:40 MST" name="AT" finished-at="2025-02-13T18:28:40 MST" duration-ms="0" status="PASS">
          <reporter-output>
          </reporter-output>
        </test-method> <!-- AT -->
        <test-method is-config="true" signature="AS()[pri:0, instance:Campaign_1.CreateCampaign_withProduct3Test@36fc695d]" started-at="2025-02-13T18:28:41 MST" name="AS" finished-at="2025-02-13T18:28:41 MST" duration-ms="2" status="PASS">
          <reporter-output>
          </reporter-output>
        </test-method> <!-- AS -->
      </class> <!-- Campaign_1.CreateCampaign_withProduct3Test -->
      <class name="Campaign_1.Create_Campaign4Test">
        <test-method is-config="true" signature="BC()[pri:0, instance:Campaign_1.Create_Campaign4Test@1d296da]" started-at="2025-02-13T18:28:10 MST" name="BC" finished-at="2025-02-13T18:28:11 MST" duration-ms="1514" status="PASS">
          <reporter-output>
          </reporter-output>
        </test-method> <!-- BC -->
        <test-method is-config="true" signature="BM()[pri:0, instance:Campaign_1.Create_Campaign4Test@1d296da]" started-at="2025-02-13T18:28:11 MST" name="BM" finished-at="2025-02-13T18:28:15 MST" duration-ms="3443" status="PASS">
          <reporter-output>
          </reporter-output>
        </test-method> <!-- BM -->
        <test-method signature="create_Campaign4Test()[pri:0, instance:Campaign_1.Create_Campaign4Test@1d296da]" started-at="2025-02-13T18:28:15 MST" name="create_Campaign4Test" finished-at="2025-02-13T18:28:23 MST" duration-ms="8148" status="PASS">
          <reporter-output>
          </reporter-output>
        </test-method> <!-- create_Campaign4Test -->
        <test-method is-config="true" signature="AM()[pri:0, instance:Campaign_1.Create_Campaign4Test@1d296da]" started-at="2025-02-13T18:28:23 MST" name="AM" finished-at="2025-02-13T18:28:24 MST" duration-ms="1170" status="PASS">
          <reporter-output>
          </reporter-output>
        </test-method> <!-- AM -->
        <test-method is-config="true" signature="AC()[pri:0, instance:Campaign_1.Create_Campaign4Test@1d296da]" started-at="2025-02-13T18:28:24 MST" name="AC" finished-at="2025-02-13T18:28:24 MST" duration-ms="243" status="PASS">
          <reporter-output>
          </reporter-output>
        </test-method> <!-- AC -->
      </class> <!-- Campaign_1.Create_Campaign4Test -->
    </test> <!-- Test -->
  </suite> <!-- Suite -->
</testng-results>
