<?xml version="1.0" encoding="UTF-8"?>
<!-- Generated by org.testng.reporters.JUnitXMLReporter -->
<testsuite ignored="8" hostname="LAPTOP-V89S2LS6" failures="0" tests="3" name="Test" time="53.695" errors="0" timestamp="2025-02-13T18:28:40 MST">
  <testcase classname="Campaign_1.CreateCampaign_withProduct3Test" name="createCampaign_withProduct3Test" time="16.326"/>
  <testcase classname="Campaign_1.Create_Campaign4Test" name="create_Campaign4Test" time="8.148"/>
  <testcase classname="Organization_1.Create_Organization4Test" name="Create_Organization4Test" time="9.513"/>
  <testcase classname="Generic_utilities.BaseClass" name="@AfterTest AT" time="0.0">
    <ignored/>
  </testcase> <!-- @AfterTest AT -->
  <testcase classname="Generic_utilities.BaseClass" name="@BeforeTest BT" time="0.0">
    <ignored/>
  </testcase> <!-- @BeforeTest BT -->
  <testcase classname="Generic_utilities.BaseClass" name="@AfterSuite AS" time="0.0">
    <ignored/>
  </testcase> <!-- @AfterSuite AS -->
  <testcase classname="Generic_utilities.BaseClass" name="@BeforeSuite BS" time="0.0">
    <ignored/>
  </testcase> <!-- @BeforeSuite BS -->
  <testcase classname="Generic_utilities.BaseClass" name="@BeforeSuite BS" time="0.0">
    <ignored/>
  </testcase> <!-- @BeforeSuite BS -->
  <testcase classname="Generic_utilities.BaseClass" name="@AfterTest AT" time="0.0">
    <ignored/>
  </testcase> <!-- @AfterTest AT -->
  <testcase classname="Generic_utilities.BaseClass" name="@BeforeTest BT" time="0.0">
    <ignored/>
  </testcase> <!-- @BeforeTest BT -->
  <testcase classname="Generic_utilities.BaseClass" name="@AfterSuite AS" time="0.0">
    <ignored/>
  </testcase> <!-- @AfterSuite AS -->
</testsuite> <!-- Test -->
